#
# There is insufficient memory for the Java Runtime Environment to continue.
# Native memory allocation (mmap) failed to map 264241152 bytes for Failed to commit area from 0x0000000704a00000 to 0x0000000714600000 of length 264241152.
# Possible reasons:
#   The system is out of physical RAM or swap space
#   The process is running with CompressedOops enabled, and the Java Heap may be blocking the growth of the native heap
# Possible solutions:
#   Reduce memory load on the system
#   Increase physical memory or swap space
#   Check if swap backing store is full
#   Decrease Java heap size (-Xmx/-Xms)
#   Decrease number of Java threads
#   Decrease Java thread stack sizes (-Xss)
#   Set larger code cache with -XX:ReservedCodeCacheSize=
# This output file may be truncated or incomplete.
#
#  Out of Memory Error (os_windows.cpp:3386), pid=3880, tid=36808
#
# JRE version:  (11.0.21+9) (build )
# Java VM: OpenJDK 64-Bit Server VM (11.0.21+9-LTS, mixed mode, sharing, tiered, compressed oops, g1 gc, windows-amd64)
# No core dump will be written. Minidumps are not enabled by default on client versions of Windows
#

---------------  S U M M A R Y ------------

Command Line: -ea -Dmaven.compiler.source=1.8 -Dmaven.compiler.target=1.8 -XX:+TieredCompilation -XX:TieredStopAtLevel=1 -Dtmc.test_class_dir=C:\Users\shafi\Documents\NetBeansProjects\mooc-java-programming-i\part02-Part02_34.AdvancedAstrology\src\test\java -Dtmc.results_file=C:\Users\shafi\Documents\NetBeansProjects\mooc-java-programming-i\part02-Part02_34.AdvancedAstrology\target\test_output.txt fi.helsinki.cs.tmc.testrunner.Main AdvancedAstrologyTest.verifyNoFields{02-34.1,02-34.2,02-34.3} AdvancedAstrologyTest.testPrintStars{02-34.1} AdvancedAstrologyTest.testPrintSpaces1{02-34.1} AdvancedAstrologyTest.testPrintSpaces2{02-34.1} AdvancedAstrologyTest.testPrintSmallTriangle{02-34.2} AdvancedAstrologyTest.testPrintTriangle{02-34.2} AdvancedAstrologyTest.testChristmasTree0{02-34.3} AdvancedAstrologyTest.testChristmasTree1{02-34.3} AdvancedAstrologyTest.testChristmasTree2{02-34.3}

Host: Intel(R) Core(TM) i5-1035G1 CPU @ 1.00GHz, 8 cores, 15G,  Windows 11 , 64 bit Build 22621 (10.0.22621.3085)
Time: Sun Feb 25 21:01:58 2024 Pakistan Standard Time elapsed time: 0.015161 seconds (0d 0h 0m 0s)

---------------  T H R E A D  ---------------

Current thread (0x000001d378c46800):  JavaThread "Unknown thread" [_thread_in_vm, id=36808, stack(0x000000ba17100000,0x000000ba17200000)]

Stack: [0x000000ba17100000,0x000000ba17200000]
Native frames: (J=compiled Java code, j=interpreted, Vv=VM code, C=native code)
V  [jvm.dll+0x645f6a]
V  [jvm.dll+0x7da379]
V  [jvm.dll+0x7dba79]
V  [jvm.dll+0x7dc163]
V  [jvm.dll+0x269f15]
V  [jvm.dll+0x643189]
V  [jvm.dll+0x637705]
V  [jvm.dll+0x325f9c]
V  [jvm.dll+0x325e22]
V  [jvm.dll+0x32a9f6]
V  [jvm.dll+0x372e52]
V  [jvm.dll+0x3728b1]
V  [jvm.dll+0x3016d8]
V  [jvm.dll+0x3027d5]
V  [jvm.dll+0x7b34c7]
V  [jvm.dll+0x7b4c8f]
V  [jvm.dll+0x380229]
V  [jvm.dll+0x79566f]
V  [jvm.dll+0x3f0cb7]
V  [jvm.dll+0x3f31a1]
C  [jli.dll+0x52ef]
C  [ucrtbase.dll+0x29363]
C  [KERNEL32.DLL+0x1257d]
C  [ntdll.dll+0x5aa58]


---------------  P R O C E S S  ---------------

Threads class SMR info:
_java_thread_list=0x000001d378a36950, length=0, elements={
}

Java Threads: ( => current thread )

Other Threads:
  0x000001d378c61000 GCTaskThread "GC Thread#0" [stack: 0x000000ba17200000,0x000000ba17300000] [id=23116]
  0x000001d378cbc800 ConcurrentGCThread "G1 Main Marker" [stack: 0x000000ba17300000,0x000000ba17400000] [id=18848]
  0x000001d378cbf000 ConcurrentGCThread "G1 Conc#0" [stack: 0x000000ba17400000,0x000000ba17500000] [id=35552]

[error occurred during error reporting (printing all threads), id 0xc0000005, EXCEPTION_ACCESS_VIOLATION (0xc0000005) at pc=0x00007ffac23a2117]

VM state:not at safepoint (not fully initialized)

VM Mutex/Monitor currently owned by a thread:  ([mutex/lock_event])
[0x000001d378c451b0] Heap_lock - owner thread: 0x000001d378c46800

Heap address: 0x0000000704a00000, size: 4022 MB, Compressed Oops mode: Non-zero based: 0x0000000704a00000
Narrow klass base: 0x0000000000000000, Narrow klass shift: 0

GC Heap History (0 events):
No events

Deoptimization events (0 events):
No events

Classes redefined (0 events):
No events

Internal exceptions (0 events):
No events

Events (1 events):
Event: 0.008 Loaded shared library C:\Program Files\Amazon Corretto\jdk11.0.21_9\bin\zip.dll


Dynamic libraries:
0x00007ff611080000 - 0x00007ff61108e000 	C:\Program Files\Amazon Corretto\jdk11.0.21_9\bin\java.exe
0x00007ffb73930000 - 0x00007ffb73b47000 	C:\WINDOWS\SYSTEM32\ntdll.dll
0x00007ffb72970000 - 0x00007ffb72a34000 	C:\WINDOWS\System32\KERNEL32.DLL
0x00007ffb711b0000 - 0x00007ffb71556000 	C:\WINDOWS\System32\KERNELBASE.dll
0x00007ffb71560000 - 0x00007ffb71671000 	C:\WINDOWS\System32\ucrtbase.dll
0x00007ffb69f60000 - 0x00007ffb69f77000 	C:\Program Files\Amazon Corretto\jdk11.0.21_9\bin\jli.dll
0x00007ffb5ec40000 - 0x00007ffb5ec5b000 	C:\Program Files\Amazon Corretto\jdk11.0.21_9\bin\VCRUNTIME140.dll
0x00007ffb73610000 - 0x00007ffb737be000 	C:\WINDOWS\System32\USER32.dll
0x00007ffb70c70000 - 0x00007ffb70c96000 	C:\WINDOWS\System32\win32u.dll
0x00007ffb5cb60000 - 0x00007ffb5cdf3000 	C:\WINDOWS\WinSxS\amd64_microsoft.windows.common-controls_6595b64144ccf1df_6.0.22621.2506_none_270c5ae97388e100\COMCTL32.dll
0x00007ffb71bc0000 - 0x00007ffb71be9000 	C:\WINDOWS\System32\GDI32.dll
0x00007ffb72f10000 - 0x00007ffb72fb7000 	C:\WINDOWS\System32\msvcrt.dll
0x00007ffb70ca0000 - 0x00007ffb70db8000 	C:\WINDOWS\System32\gdi32full.dll
0x00007ffb70f30000 - 0x00007ffb70fca000 	C:\WINDOWS\System32\msvcp_win.dll
0x00007ffb72e20000 - 0x00007ffb72e51000 	C:\WINDOWS\System32\IMM32.DLL
0x00007ffb6db10000 - 0x00007ffb6db1c000 	C:\Program Files\Amazon Corretto\jdk11.0.21_9\bin\vcruntime140_1.dll
0x00007ffb458f0000 - 0x00007ffb4597d000 	C:\Program Files\Amazon Corretto\jdk11.0.21_9\bin\msvcp140.dll
0x00007ffac2090000 - 0x00007ffac2c53000 	C:\Program Files\Amazon Corretto\jdk11.0.21_9\bin\server\jvm.dll
0x00007ffb730d0000 - 0x00007ffb73183000 	C:\WINDOWS\System32\ADVAPI32.dll
0x00007ffb71a10000 - 0x00007ffb71ab8000 	C:\WINDOWS\System32\sechost.dll
0x00007ffb70fd0000 - 0x00007ffb70ff8000 	C:\WINDOWS\System32\bcrypt.dll
0x00007ffb72d00000 - 0x00007ffb72e17000 	C:\WINDOWS\System32\RPCRT4.dll
0x00007ffb71ef0000 - 0x00007ffb71ef8000 	C:\WINDOWS\System32\PSAPI.DLL
0x00007ffae0670000 - 0x00007ffae0679000 	C:\WINDOWS\SYSTEM32\WSOCK32.dll
0x00007ffb69270000 - 0x00007ffb6927a000 	C:\WINDOWS\SYSTEM32\VERSION.dll
0x00007ffb6ab80000 - 0x00007ffb6abb4000 	C:\WINDOWS\SYSTEM32\WINMM.dll
0x00007ffb73050000 - 0x00007ffb730c1000 	C:\WINDOWS\System32\WS2_32.dll
0x00007ffb6fc70000 - 0x00007ffb6fc88000 	C:\WINDOWS\SYSTEM32\kernel.appcore.dll
0x00007ffb5ef50000 - 0x00007ffb5ef60000 	C:\Program Files\Amazon Corretto\jdk11.0.21_9\bin\verify.dll
0x00007ffb6e560000 - 0x00007ffb6e793000 	C:\WINDOWS\SYSTEM32\DBGHELP.DLL
0x00007ffb71680000 - 0x00007ffb71a09000 	C:\WINDOWS\System32\combase.dll
0x00007ffb71ad0000 - 0x00007ffb71ba7000 	C:\WINDOWS\System32\OLEAUT32.dll
0x00007ffb6ab40000 - 0x00007ffb6ab72000 	C:\WINDOWS\SYSTEM32\dbgcore.DLL
0x00007ffb71000000 - 0x00007ffb7107a000 	C:\WINDOWS\System32\bcryptPrimitives.dll
0x00007ffb5d030000 - 0x00007ffb5d058000 	C:\Program Files\Amazon Corretto\jdk11.0.21_9\bin\java.dll
0x00007ffb5eed0000 - 0x00007ffb5eeda000 	C:\Program Files\Amazon Corretto\jdk11.0.21_9\bin\jimage.dll
0x00007ffb5e930000 - 0x00007ffb5e948000 	C:\Program Files\Amazon Corretto\jdk11.0.21_9\bin\zip.dll

dbghelp: loaded successfully - version: 4.0.5 - missing functions: none
symbol engine: initialized successfully - sym options: 0x614 - pdb path: .;C:\Program Files\Amazon Corretto\jdk11.0.21_9\bin;C:\WINDOWS\SYSTEM32;C:\WINDOWS\WinSxS\amd64_microsoft.windows.common-controls_6595b64144ccf1df_6.0.22621.2506_none_270c5ae97388e100;C:\Program Files\Amazon Corretto\jdk11.0.21_9\bin\server

VM Arguments:
jvm_args: -ea -Dmaven.compiler.source=1.8 -Dmaven.compiler.target=1.8 -XX:+TieredCompilation -XX:TieredStopAtLevel=1 -Dtmc.test_class_dir=C:\Users\shafi\Documents\NetBeansProjects\mooc-java-programming-i\part02-Part02_34.AdvancedAstrology\src\test\java -Dtmc.results_file=C:\Users\shafi\Documents\NetBeansProjects\mooc-java-programming-i\part02-Part02_34.AdvancedAstrology\target\test_output.txt 
java_command: fi.helsinki.cs.tmc.testrunner.Main AdvancedAstrologyTest.verifyNoFields{02-34.1,02-34.2,02-34.3} AdvancedAstrologyTest.testPrintStars{02-34.1} AdvancedAstrologyTest.testPrintSpaces1{02-34.1} AdvancedAstrologyTest.testPrintSpaces2{02-34.1} AdvancedAstrologyTest.testPrintSmallTriangle{02-34.2} AdvancedAstrologyTest.testPrintTriangle{02-34.2} AdvancedAstrologyTest.testChristmasTree0{02-34.3} AdvancedAstrologyTest.testChristmasTree1{02-34.3} AdvancedAstrologyTest.testChristmasTree2{02-34.3}
java_class_path (initial): C:\Users\shafi\.m2\repository\fi\helsinki\cs\tmc\tmc-junit-runner\0.2.8\tmc-junit-runner-0.2.8.jar;C:\Users\shafi\Documents\NetBeansProjects\mooc-java-programming-i\part02-Part02_34.AdvancedAstrology\target\test-classes;C:\Users\shafi\Documents\NetBeansProjects\mooc-java-programming-i\part02-Part02_34.AdvancedAstrology\target\classes;C:\Users\shafi\.m2\repository\org\hamcrest\hamcrest-core\1.3\hamcrest-core-1.3.jar;C:\Users\shafi\.m2\repository\fi\helsinki\cs\tmc\edu-test-utils\0.4.2\edu-test-utils-0.4.2.jar;C:\Users\shafi\.m2\repository\junit\junit\4.12\junit-4.12.jar
Launcher Type: SUN_STANDARD

[Global flags]
     intx CICompilerCount                          = 4                                         {product} {ergonomic}
     uint ConcGCThreads                            = 2                                         {product} {ergonomic}
     uint G1ConcRefinementThreads                  = 8                                         {product} {ergonomic}
   size_t G1HeapRegionSize                         = 1048576                                   {product} {ergonomic}
    uintx GCDrainStackTargetSize                   = 64                                        {product} {ergonomic}
   size_t InitialHeapSize                          = 264241152                                 {product} {ergonomic}
   size_t MarkStackSize                            = 4194304                                   {product} {ergonomic}
   size_t MaxHeapSize                              = 4217372672                                {product} {ergonomic}
   size_t MinHeapDeltaBytes                        = 1048576                                   {product} {ergonomic}
    uintx NonNMethodCodeHeapSize                   = 7549744                                {pd product} {ergonomic}
    uintx NonProfiledCodeHeapSize                  = 244108496                              {pd product} {ergonomic}
    uintx ProfiledCodeHeapSize                     = 0                                      {pd product} {ergonomic}
    uintx ReservedCodeCacheSize                    = 251658240                              {pd product} {ergonomic}
     bool SegmentedCodeCache                       = true                                      {product} {ergonomic}
     bool TieredCompilation                        = true                                   {pd product} {command line}
     intx TieredStopAtLevel                        = 1                                         {product} {command line}
     bool UseCompressedClassPointers               = true                                 {lp64_product} {ergonomic}
     bool UseCompressedOops                        = true                                 {lp64_product} {ergonomic}
     bool UseG1GC                                  = true                                      {product} {ergonomic}
     bool UseLargePagesIndividualAllocation        = false                                  {pd product} {ergonomic}

Logging:
Log output configuration:
 #0: stdout all=warning uptime,level,tags
 #1: stderr all=off uptime,level,tags

Environment Variables:
JAVA_HOME=C:\Program Files\Amazon Corretto\jdk11.0.21_9
CLASSPATH=C:\Users\shafi\.m2\repository\fi\helsinki\cs\tmc\tmc-junit-runner\0.2.8\tmc-junit-runner-0.2.8.jar;C:\Users\shafi\Documents\NetBeansProjects\mooc-java-programming-i\part02-Part02_34.AdvancedAstrology\target\test-classes;C:\Users\shafi\Documents\NetBeansProjects\mooc-java-programming-i\part02-Part02_34.AdvancedAstrology\target\classes;C:\Users\shafi\.m2\repository\org\hamcrest\hamcrest-core\1.3\hamcrest-core-1.3.jar;C:\Users\shafi\.m2\repository\fi\helsinki\cs\tmc\edu-test-utils\0.4.2\edu-test-utils-0.4.2.jar;C:\Users\shafi\.m2\repository\junit\junit\4.12\junit-4.12.jar
PATH=C:\Program Files\Amazon Corretto\jdk11.0.21_9\bin;C:\Program Files\Eclipse Adoptium\jdk-21.0.1.12-hotspot\bin;C:\Program Files\ImageMagick-7.1.1-Q16-HDRI;D:\oracle\product\10.2.0\db_1\bin;C:\Program Files\Common Files\Oracle\Java\javapath;C:\Program Files (x86)\Common Files\Oracle\Java\javapath;C:\WINDOWS\system32;C:\WINDOWS;C:\WINDOWS\System32\Wbem;C:\WINDOWS\System32\WindowsPowerShell\v1.0\;C:\WINDOWS\System32\OpenSSH\;C:\Users\shafi\AppData\Local\Microsoft\WindowsApps;C:\adb;C:\Program Files\dotnet\;C:\WINDOWS\system32;C:\WINDOWS;C:\WINDOWS\System32\Wbem;C:\WINDOWS\System32\WindowsPowerShell\v1.0\;C:\WINDOWS\System32\OpenSSH\;C:\Android;C:\Windows\System32;C:\Program Files\Microsoft SQL Server\110\Tools\Binn\;C:\Program Files\nodejs\;C:\Users\shafi\Downloads\Compressed\sql;C:\Program Files (x86)\Microsoft SDKs\TypeScript\1.0\;C:\Program Files\SourceGear\Common\DiffMerge\;C:\Program Files\Git\cmd;C:\Users\shafi\AppData\Local\Programs\Microsoft VS Code\bin;C:\Users\shafi\AppData\Roaming\npm
USERNAME=shafi
OS=Windows_NT
PROCESSOR_IDENTIFIER=Intel64 Family 6 Model 126 Stepping 5, GenuineIntel
TMP=C:\Users\shafi\AppData\Local\Temp
TEMP=C:\Users\shafi\AppData\Local\Temp



---------------  S Y S T E M  ---------------

OS: Windows 11 , 64 bit Build 22621 (10.0.22621.3085)
OS uptime: 6 days 8:33 hours
Hyper-V role detected

CPU:total 8 (initial active 8) (4 cores per cpu, 2 threads per core) family 6 model 126 stepping 5 microcode 0xa0, cmov, cx8, fxsr, mmx, sse, sse2, sse3, ssse3, sse4.1, sse4.2, popcnt, avx, avx2, aes, clmul, erms, 3dnowpref, lzcnt, ht, tsc, tscinvbit, bmi1, bmi2, adx, evex, sha, fma

Memory: 4k page, system-wide physical 16086M (1292M free)
TotalPageFile size 31186M (AvailPageFile size 152M)
current process WorkingSet (physical memory assigned to process): 11M, peak: 11M
current process commit charge ("private bytes"): 58M, peak: 310M

vm_info: OpenJDK 64-Bit Server VM (11.0.21+9-LTS) for windows-amd64 JRE (11.0.21+9-LTS), built on Oct  9 2023 18:37:11 by "Administrator" with MS VC++ 16.10 / 16.11 (VS2019)

END.
